2021-10-02 21:15:50:1550 [37mdebug[39m: [37mServer running on: http://localhost:9000[39m
2021-10-02 21:17:35:1735 [37mdebug[39m: [37mServer running on: http://localhost:9000[39m
2021-10-02 21:17:52:1752 [37mdebug[39m: [37mServer running on: http://localhost:9000[39m
2021-10-02 21:18:10:1810 [37mdebug[39m: [37mServer running on: http://localhost:9000[39m
2021-10-02 21:19:06:196 [37mdebug[39m: [37mServer running on: http://localhost:9000[39m
2021-10-02 21:19:20:1920 [37mdebug[39m: [37mServer running on: http://localhost:9000[39m
2021-10-02 21:26:25:2625 [35mhttp[39m: [35mGET /api/v1.0/assets 200 16733 - 4419.155 ms[39m
[35m[39m
2021-10-02 21:37:28:3728 [35mhttp[39m: [35mGET /api/v1.0/assets 200 16733 - 3736.803 ms[39m
[35m[39m
2021-10-02 21:38:05:385 [35mhttp[39m: [35mGET /api/v1.0/assets 304 - - 4022.816 ms[39m
[35m[39m
2021-10-02 21:40:09:409 [35mhttp[39m: [35mGET /api/v1.0/assets 304 - - 3818.765 ms[39m
[35m[39m
2021-10-02 21:54:23:5423 [35mhttp[39m: [35mGET /api/v1.0/assets 304 - - 4595.783 ms[39m
[35m[39m
2021-10-02 22:01:08:18 [35mhttp[39m: [35mGET /api/v1.0/assets 304 - - 4058.978 ms[39m
[35m[39m
2021-10-02 22:07:23:723 [37mdebug[39m: [37mServer running on: http://localhost:9000[39m
2021-10-02 22:08:09:89 [35mhttp[39m: [35mGET /api/v1.0/assets 200 18543 - 4384.825 ms[39m
[35m[39m
2021-10-02 22:11:10:1110 [35mhttp[39m: [35mGET /api/v1.0/assets 200 18416 - 3975.016 ms[39m
[35m[39m
2021-10-02 22:14:08:148 [35mhttp[39m: [35mGET /api/v1.0/assets 304 - - 4432.666 ms[39m
[35m[39m
2021-10-02 22:14:11:1411 [35mhttp[39m: [35mGET /api/v1.0/assets 304 - - 4437.242 ms[39m
[35m[39m
2021-10-02 22:14:22:1422 [35mhttp[39m: [35mGET /api/v1.0/assets 304 - - 2003.531 ms[39m
[35m[39m
2021-10-02 22:14:28:1428 [35mhttp[39m: [35mGET /api/v1.0/assets 304 - - 2012.440 ms[39m
[35m[39m
2021-10-02 22:14:52:1452 [35mhttp[39m: [35mGET /api/v1.0/assets 304 - - 4047.605 ms[39m
[35m[39m
2021-10-02 22:14:54:1454 [35mhttp[39m: [35mGET /api/v1.0/assets 304 - - 1844.877 ms[39m
[35m[39m
2021-10-02 22:14:57:1457 [35mhttp[39m: [35mGET /api/v1.0/assets 304 - - 1691.989 ms[39m
[35m[39m
2021-10-02 22:15:00:150 [35mhttp[39m: [35mGET /api/v1.0/assets 304 - - 4139.559 ms[39m
[35m[39m
2021-10-02 22:16:28:1628 [35mhttp[39m: [35mGET /api/v1.0/assets 304 - - 4233.416 ms[39m
[35m[39m
2021-10-02 22:27:26:2726 [35mhttp[39m: [35mGET /api/v1.0/assets 304 - - 3918.236 ms[39m
[35m[39m
2021-10-02 22:32:20:3220 [35mhttp[39m: [35mGET /api/v1.0/assets 304 - - 4357.006 ms[39m
[35m[39m
2021-10-02 23:32:36:3236 [35mhttp[39m: [35mGET /api/v1.0/assets 304 - - 3505.248 ms[39m
[35m[39m
2021-10-02 23:41:35:4135 [37mdebug[39m: [37mServer running on: http://localhost:9000[39m
2021-10-02 23:41:47:4147 [37mdebug[39m: [37mServer running on: http://localhost:9000[39m
2021-10-02 23:46:01:461 [37mdebug[39m: [37mServer running on: http://localhost:9000[39m
2021-10-02 23:46:10:4610 [37mdebug[39m: [37mServer running on: http://localhost:9000[39m
2021-10-02 23:46:27:4627 [37mdebug[39m: [37mServer running on: http://localhost:9000[39m
2021-10-02 23:46:54:4654 [37mdebug[39m: [37mServer running on: http://localhost:9000[39m
2021-10-02 23:47:26:4726 [35mhttp[39m: [35mGET /api/v1.0/assets 200 43851 - 4705.401 ms[39m
[35m[39m
2021-10-03 00:04:44:444 [35mhttp[39m: [35mGET /api/v1.0/auth/fetchUser/milimore0000@gmail.com 404 46 - 2626.544 ms[39m
[35m[39m
2021-10-03 00:04:47:447 [35mhttp[39m: [35mGET /api/v1.0/assets 304 - - 2139.933 ms[39m
[35m[39m
2021-10-03 00:06:45:645 [35mhttp[39m: [35mGET /api/v1.0/auth/fetchUser/milimore0000@gmail.com 404 46 - 3572.606 ms[39m
[35m[39m
2021-10-03 00:26:35:2635 [35mhttp[39m: [35mGET /api/v1.0/auth/fetchUser/milimore0000@gmail.com 404 46 - 2393.004 ms[39m
[35m[39m
2021-10-03 00:26:37:2637 [35mhttp[39m: [35mGET /api/v1.0/assets 304 - - 2268.198 ms[39m
[35m[39m
2021-10-03 00:27:56:2756 [35mhttp[39m: [35mGET /api/v1.0/assets 304 - - 4671.609 ms[39m
[35m[39m
2021-10-03 00:27:57:2757 [35mhttp[39m: [35mGET /api/v1.0/assets 304 - - 4612.844 ms[39m
[35m[39m
2021-10-03 00:28:16:2816 [35mhttp[39m: [35mGET /api/v1.0/assets 304 - - 4279.153 ms[39m
[35m[39m
2021-10-03 00:28:17:2817 [35mhttp[39m: [35mGET /api/v1.0/assets 304 - - 4358.890 ms[39m
[35m[39m
2021-10-03 00:28:22:2822 [35mhttp[39m: [35mGET /api/v1.0/assets 304 - - 1939.768 ms[39m
[35m[39m
2021-10-03 00:28:24:2824 [35mhttp[39m: [35mGET /api/v1.0/assets 304 - - 1787.546 ms[39m
[35m[39m
2021-10-03 00:29:30:2930 [35mhttp[39m: [35mGET /api/v1.0/assets 304 - - 3737.341 ms[39m
[35m[39m
2021-10-03 00:30:19:3019 [35mhttp[39m: [35mGET /api/v1.0/assets 304 - - 4478.961 ms[39m
[35m[39m
2021-10-03 00:34:05:345 [35mhttp[39m: [35mGET /api/v1.0/assets 304 - - 4045.869 ms[39m
[35m[39m
2021-10-03 00:35:03:353 [35mhttp[39m: [35mGET /api/v1.0/assets 304 - - 4707.631 ms[39m
[35m[39m
2021-10-03 00:35:39:3539 [35mhttp[39m: [35mGET /api/v1.0/auth/fetchUser/milimore0000@gmail.com 404 46 - 2702.126 ms[39m
[35m[39m
2021-10-03 00:45:08:458 [35mhttp[39m: [35mGET /api/v1.0/auth/fetchUser/milimore0000@gmail.com 404 46 - 2827.773 ms[39m
[35m[39m
2021-10-03 00:45:10:4510 [35mhttp[39m: [35mGET /api/v1.0/assets 304 - - 2370.424 ms[39m
[35m[39m
2021-10-03 01:06:30:630 [37mdebug[39m: [37mServer running on: http://localhost:9000[39m
2021-10-03 01:11:01:111 [37mdebug[39m: [37mServer running on: http://localhost:9000[39m
2021-10-03 01:11:15:1115 [37mdebug[39m: [37mServer running on: http://localhost:9000[39m
2021-10-03 01:52:37:5237 [35mhttp[39m: [35mPOST /api/v1.0/auth/register 422 46 - 56.844 ms[39m
[35m[39m
2021-10-03 01:52:51:5251 [35mhttp[39m: [35mPOST /api/v1.0/auth/register 422 46 - 3.993 ms[39m
[35m[39m
2021-10-03 01:52:59:5259 [35mhttp[39m: [35mPOST /api/v1.0/auth/register 422 46 - 2.012 ms[39m
[35m[39m
2021-10-03 01:53:27:5327 [35mhttp[39m: [35mPOST /api/v1.0/auth/register 422 46 - 15.988 ms[39m
[35m[39m
2021-10-03 01:54:18:5418 [37mdebug[39m: [37mServer running on: http://localhost:9000[39m
2021-10-03 01:54:29:5429 [35mhttp[39m: [35mPOST /api/v1.0/auth/register 422 46 - 41.155 ms[39m
[35m[39m
2021-10-03 01:54:51:5451 [37mdebug[39m: [37mServer running on: http://localhost:9000[39m
2021-10-03 01:54:52:5452 [35mhttp[39m: [35mPOST /api/v1.0/auth/register 422 46 - 41.124 ms[39m
[35m[39m
2021-10-03 01:55:18:5518 [37mdebug[39m: [37mServer running on: http://localhost:9000[39m
2021-10-03 01:55:21:5521 [35mhttp[39m: [35mPOST /api/v1.0/auth/register 422 46 - 42.518 ms[39m
[35m[39m
2021-10-03 01:57:20:5720 [35mhttp[39m: [35mGET /api/v1.0/assets 304 - - 4288.932 ms[39m
[35m[39m
2021-10-03 01:57:23:5723 [35mhttp[39m: [35mGET /api/v1.0/assets 200 43851 - 2356.177 ms[39m
[35m[39m
2021-10-03 01:57:23:5723 [35mhttp[39m: [35mGET /api/v1.0/assets 304 - - 4745.512 ms[39m
[35m[39m
2021-10-03 01:57:30:5730 [35mhttp[39m: [35mGET /api/v1.0/assets 304 - - 2403.972 ms[39m
[35m[39m
2021-10-03 01:57:39:5739 [35mhttp[39m: [35mGET /api/v1.0/assets 304 - - 2370.667 ms[39m
[35m[39m
2021-10-03 01:57:51:5751 [35mhttp[39m: [35mGET /api/v1.0/assets 304 - - 2201.391 ms[39m
[35m[39m
2021-10-03 01:57:53:5753 [35mhttp[39m: [35mGET /api/v1.0/assets 304 - - 2264.831 ms[39m
[35m[39m
2021-10-03 02:03:34:334 [35mhttp[39m: [35mGET /api/v1.0/assets 304 - - 4640.823 ms[39m
[35m[39m
2021-10-03 02:04:43:443 [35mhttp[39m: [35mGET /api/v1.0/auth/fetchUser/milimore0000@gmail.com 404 46 - 2216.506 ms[39m
[35m[39m
2021-10-03 02:04:45:445 [35mhttp[39m: [35mGET /api/v1.0/assets 304 - - 2282.262 ms[39m
[35m[39m
2021-10-03 02:06:00:60 [35mhttp[39m: [35mGET /api/v1.0/auth/fetchUser/milimore0000@gmail.com 404 46 - 2607.573 ms[39m
[35m[39m
2021-10-03 02:07:28:728 [35mhttp[39m: [35mPOST /api/v1.0/auth/register 422 56 - 13.402 ms[39m
[35m[39m
2021-10-03 02:07:52:752 [35mhttp[39m: [35mPOST /api/v1.0/auth/register 422 56 - 6.103 ms[39m
[35m[39m
2021-10-03 02:08:16:816 [35mhttp[39m: [35mPOST /api/v1.0/auth/register 422 56 - 4.374 ms[39m
[35m[39m
2021-10-03 02:08:48:848 [37mdebug[39m: [37mServer running on: http://localhost:9000[39m
2021-10-03 02:19:30:1930 [35mhttp[39m: [35mPOST /api/v1.0/auth/register 422 57 - 52.769 ms[39m
[35m[39m
2021-10-03 02:21:39:2139 [37mdebug[39m: [37mServer running on: http://localhost:9000[39m
2021-10-03 02:21:40:2140 [35mhttp[39m: [35mPOST /api/v1.0/auth/register 422 57 - 37.999 ms[39m
[35m[39m
2021-10-03 02:22:18:2218 [37mdebug[39m: [37mServer running on: http://localhost:9000[39m
2021-10-03 02:24:22:2422 [35mhttp[39m: [35mPOST /api/v1.0/auth/register 422 57 - 46.959 ms[39m
[35m[39m
2021-10-03 02:24:56:2456 [35mhttp[39m: [35mPOST /api/v1.0/auth/register 422 57 - 6.364 ms[39m
[35m[39m
2021-10-03 02:27:31:2731 [35mhttp[39m: [35mPOST /api/v1.0/auth/register 404 46 - 2321.917 ms[39m
[35m[39m
2021-10-03 02:30:22:3022 [37mdebug[39m: [37mServer running on: http://localhost:9000[39m
2021-10-03 02:38:30:3830 [35mhttp[39m: [35mPOST /api/v1.0/auth/register 500 117 - 2574.951 ms[39m
[35m[39m
2021-10-03 02:59:31:5931 [35mhttp[39m: [35mGET /api/v1.0/assets 304 - - 3851.010 ms[39m
[35m[39m
2021-10-03 02:59:39:5939 [35mhttp[39m: [35mGET /api/v1.0/assets 304 - - 1974.484 ms[39m
[35m[39m
2021-10-03 02:59:44:5944 [35mhttp[39m: [35mGET /api/v1.0/assets 304 - - 1877.599 ms[39m
[35m[39m
2021-10-03 02:59:47:5947 [35mhttp[39m: [35mGET /api/v1.0/assets 304 - - 4007.263 ms[39m
[35m[39m
2021-10-03 03:00:07:07 [35mhttp[39m: [35mGET /api/v1.0/assets 304 - - 3814.648 ms[39m
[35m[39m
2021-10-03 03:00:10:010 [35mhttp[39m: [35mGET /api/v1.0/assets 304 - - 2121.772 ms[39m
[35m[39m
2021-10-03 03:00:12:012 [35mhttp[39m: [35mGET /api/v1.0/assets 304 - - 1842.202 ms[39m
[35m[39m
2021-10-03 05:12:46:1246 [37mdebug[39m: [37mServer running on: http://localhost:9000[39m
2021-10-03 05:13:10:1310 [37mdebug[39m: [37mServer running on: http://localhost:9000[39m
2021-10-03 05:14:26:1426 [37mdebug[39m: [37mServer running on: http://localhost:9000[39m
2021-10-03 06:13:45:1345 [35mhttp[39m: [35mGET /api/v1.0/assets 304 - - 4880.535 ms[39m
[35m[39m
2021-10-03 11:29:09:299 [35mhttp[39m: [35mGET /api/v1.0/auth/fetchUser/milimore0000@gmail.com 500 64 - 2800.995 ms[39m
[35m[39m
2021-10-03 12:09:03:93 [37mdebug[39m: [37mServer running on: http://localhost:9000[39m
2021-10-03 12:54:03:543 [35mhttp[39m: [35mGET /api/v1.0/assets 304 - - 28179.807 ms[39m
[35m[39m
2021-10-03 12:58:02:582 [35mhttp[39m: [35mGET /api/v1.0/assets 304 - - 4462.426 ms[39m
[35m[39m
2021-10-03 13:20:52:2052 [35mhttp[39m: [35mGET /api/v1.0/assets 304 - - 4445.071 ms[39m
[35m[39m
2021-10-03 14:27:37:2737 [35mhttp[39m: [35mGET /api/v1.0/assets 304 - - 5639.897 ms[39m
[35m[39m
2021-10-03 14:28:04:284 [35mhttp[39m: [35mGET /api/v1.0/assets 304 - - 4839.162 ms[39m
[35m[39m
2021-10-03 15:15:56:1556 [35mhttp[39m: [35mGET /api/v1.0/assets 304 - - 5084.014 ms[39m
[35m[39m
2021-10-03 15:37:30:3730 [35mhttp[39m: [35mGET /api/v1.0/assets 304 - - 3927.315 ms[39m
[35m[39m
2021-10-03 15:40:16:4016 [35mhttp[39m: [35mGET /api/v1.0/assets 304 - - 4441.425 ms[39m
[35m[39m
2021-10-03 15:52:11:5211 [35mhttp[39m: [35mGET /api/v1.0/assets 304 - - 7840.081 ms[39m
[35m[39m
2021-10-03 17:24:39:2439 [35mhttp[39m: [35mGET /api/v1.0/auth/fetchUser/wmoonga@gmail.com 500 64 - 2670.778 ms[39m
[35m[39m
2021-10-03 17:25:52:2552 [37mdebug[39m: [37mServer running on: http://localhost:9000[39m
2021-10-03 17:25:59:2559 [35mhttp[39m: [35mGET /api/v1.0/auth/fetchUser/wmoonga@gmail.com 404 46 - 3486.959 ms[39m
[35m[39m
2021-10-03 17:29:13:2913 [35mhttp[39m: [35mGET /api/v1.0/auth/fetchUser/wmoonga@gmail.com 200 584 - 3558.595 ms[39m
[35m[39m
2021-10-03 17:45:37:4537 [35mhttp[39m: [35mGET /api/v1.0/auth/fetchUser/wmoonga@gmail.com 404 46 - 2917.849 ms[39m
[35m[39m
2021-10-03 17:47:00:470 [37mdebug[39m: [37mServer running on: http://localhost:9000[39m
2021-10-03 17:47:44:4744 [37mdebug[39m: [37mServer running on: http://localhost:9000[39m
2021-10-03 17:49:27:4927 [37mdebug[39m: [37mServer running on: http://localhost:9000[39m
2021-10-03 17:51:29:5129 [37mdebug[39m: [37mServer running on: http://localhost:9000[39m
2021-10-03 17:53:25:5325 [37mdebug[39m: [37mServer running on: http://localhost:9000[39m
2021-10-03 17:54:48:5448 [37mdebug[39m: [37mServer running on: http://localhost:9000[39m
2021-10-03 17:56:33:5633 [37mdebug[39m: [37mServer running on: http://localhost:9000[39m
2021-10-03 17:57:06:576 [35mhttp[39m: [35mGET /api/v1.0/auth/fetchUser/wmoonga@gmail.com 404 46 - 9587.215 ms[39m
[35m[39m
2021-10-03 17:57:25:5725 [37mdebug[39m: [37mServer running on: http://localhost:9000[39m
2021-10-03 17:57:42:5742 [35mhttp[39m: [35mGET /api/v1.0/auth/fetchUser/wmoonga@gmail.com 200 584 - 7007.694 ms[39m
[35m[39m
2021-10-03 18:16:47:1647 [35mhttp[39m: [35mGET /api/v1.0/auth/fetchUser/wmoonga@gmail.com 200 584 - 4902.800 ms[39m
[35m[39m
2021-10-03 18:17:30:1730 [35mhttp[39m: [35mGET /api/v1.0/auth/fetchUser/wmoonga@gmail.com 200 584 - 2504.493 ms[39m
[35m[39m
2021-10-03 18:19:05:195 [35mhttp[39m: [35mGET /api/v1.0/auth/fetchUser/wmoonga@gmail.com 404 46 - 5044.838 ms[39m
[35m[39m
2021-10-03 18:19:26:1926 [35mhttp[39m: [35mGET /api/v1.0/assets 304 - - 7658.381 ms[39m
[35m[39m
2021-10-03 18:19:53:1953 [35mhttp[39m: [35mGET /api/v1.0/assets 304 - - 9076.870 ms[39m
[35m[39m
2021-10-03 18:32:32:3232 [35mhttp[39m: [35mGET /api/v1.0/auth/fetchUser/wmoonga@gmail.com 404 46 - 4252.304 ms[39m
[35m[39m
2021-10-03 18:32:38:3238 [35mhttp[39m: [35mGET /api/v1.0/assets 304 - - 3691.264 ms[39m
[35m[39m
2021-10-03 18:35:16:3516 [35mhttp[39m: [35mGET /api/v1.0/auth/fetchUser/wmoonga@gmail.com 404 46 - 2728.900 ms[39m
[35m[39m
2021-10-03 18:37:08:378 [35mhttp[39m: [35mGET /api/v1.0/assets 304 - - 4159.002 ms[39m
[35m[39m
2021-10-03 18:37:38:3738 [35mhttp[39m: [35mGET /api/v1.0/auth/fetchUser/wmoonga@gmail.com 404 46 - 4433.992 ms[39m
[35m[39m
2021-10-03 18:40:19:4019 [35mhttp[39m: [35mGET /api/v1.0/auth/fetchUser/wmoonga@gmail.com 404 46 - 4006.100 ms[39m
[35m[39m
2021-10-03 18:40:45:4045 [35mhttp[39m: [35mPOST /api/v1.0/auth/register 200 558 - 5101.065 ms[39m
[35m[39m
2021-10-03 19:03:52:352 [37mdebug[39m: [37mServer running on: http://localhost:9000[39m
2021-10-03 19:11:16:1116 [35mhttp[39m: [35mGET /api/v1.0/assets 304 - - 4702.167 ms[39m
[35m[39m
2021-10-03 19:12:16:1216 [35mhttp[39m: [35mGET /api/v1.0/assets 304 - - 4876.067 ms[39m
[35m[39m
2021-10-03 19:18:47:1847 [35mhttp[39m: [35mGET /api/v1.0/assets 304 - - 9865.841 ms[39m
[35m[39m
2021-10-03 19:21:49:2149 [35mhttp[39m: [35mGET /api/v1.0/assets 304 - - 8795.264 ms[39m
[35m[39m
2021-10-03 19:31:29:3129 [35mhttp[39m: [35mPOST /api/v1.0/auth/register 422 57 - 34.893 ms[39m
[35m[39m
2021-10-03 19:31:42:3142 [35mhttp[39m: [35mPOST /api/v1.0/auth/register 500 91 - 3142.282 ms[39m
[35m[39m
2021-10-03 19:34:09:349 [37mdebug[39m: [37mServer running on: http://localhost:9000[39m
2021-10-03 19:34:38:3438 [37mdebug[39m: [37mServer running on: http://localhost:9000[39m
2021-10-03 19:34:47:3447 [35mhttp[39m: [35mPOST /api/v1.0/auth/register 500 91 - 5158.455 ms[39m
[35m[39m
2021-10-03 19:35:47:3547 [37mdebug[39m: [37mServer running on: http://localhost:9000[39m
2021-10-03 19:36:24:3624 [35mhttp[39m: [35mPOST /api/v1.0/auth/register 500 91 - 5430.726 ms[39m
[35m[39m
2021-10-03 19:39:05:395 [35mhttp[39m: [35mPOST /api/v1.0/auth/register 200 570 - 7850.689 ms[39m
[35m[39m
2021-10-03 19:45:21:4521 [35mhttp[39m: [35mPOST /api/v1.0/auth/register 409 89 - 2632.535 ms[39m
[35m[39m
2021-10-03 19:47:52:4752 [37mdebug[39m: [37mServer running on: http://localhost:9000[39m
2021-10-03 19:48:10:4810 [35mhttp[39m: [35mPOST /api/v1.0/auth/register 409 69 - 4443.571 ms[39m
[35m[39m
2021-10-03 19:48:29:4829 [35mhttp[39m: [35mGET /api/v1.0/assets 304 - - 8346.089 ms[39m
[35m[39m
2021-10-03 19:54:30:5430 [35mhttp[39m: [35mGET /api/v1.0/assets 304 - - 7206.634 ms[39m
[35m[39m
2021-10-03 19:54:57:5457 [35mhttp[39m: [35mGET /api/v1.0/assets 304 - - 5074.890 ms[39m
[35m[39m
2021-10-03 19:54:58:5458 [35mhttp[39m: [35mGET /api/v1.0/assets 304 - - 3872.569 ms[39m
[35m[39m
2021-10-03 19:55:18:5518 [35mhttp[39m: [35mGET /api/v1.0/assets 304 - - 5210.216 ms[39m
[35m[39m
2021-10-03 19:55:19:5519 [35mhttp[39m: [35mGET /api/v1.0/assets 304 - - 4705.966 ms[39m
[35m[39m
2021-10-03 19:55:53:5553 [35mhttp[39m: [35mGET /api/v1.0/assets 304 - - 8326.663 ms[39m
[35m[39m
2021-10-03 19:55:57:5557 [35mhttp[39m: [35mGET /api/v1.0/assets 304 - - 8707.977 ms[39m
[35m[39m
2021-10-03 19:57:15:5715 [35mhttp[39m: [35mGET /api/v1.0/assets 304 - - 4742.453 ms[39m
[35m[39m
2021-10-03 19:59:09:599 [35mhttp[39m: [35mPOST /api/v1.0/auth/register 409 69 - 5288.786 ms[39m
[35m[39m
2021-10-03 20:00:46:046 [35mhttp[39m: [35mGET /api/v1.0/assets 304 - - 8042.484 ms[39m
[35m[39m
2021-10-03 20:01:15:115 [35mhttp[39m: [35mPOST /api/v1.0/auth/register 409 69 - 9891.163 ms[39m
[35m[39m
2021-10-03 20:05:10:510 [35mhttp[39m: [35mPOST /api/v1.0/auth/register 422 57 - 6.324 ms[39m
[35m[39m
2021-10-03 20:06:17:617 [35mhttp[39m: [35mPOST /api/v1.0/auth/register 409 69 - 5289.008 ms[39m
[35m[39m
2021-10-03 20:07:21:721 [35mhttp[39m: [35mPOST /api/v1.0/auth/register 200 576 - 5483.205 ms[39m
[35m[39m
2021-10-03 20:08:11:811 [35mhttp[39m: [35mGET /api/v1.0/auth/fetchUser/milicodemoonga@gmail.com 200 576 - 6933.894 ms[39m
[35m[39m
2021-10-03 20:19:36:1936 [35mhttp[39m: [35mGET /api/v1.0/assets 304 - - 7389.775 ms[39m
[35m[39m
2021-10-04 02:30:27:3027 [35mhttp[39m: [35mGET /api/v1.0/assets 304 - - 3936.771 ms[39m
[35m[39m
2021-10-04 02:59:08:598 [35mhttp[39m: [35mGET /api/v1.0/assets 304 - - 5042.806 ms[39m
[35m[39m
2021-10-04 03:04:28:428 [35mhttp[39m: [35mGET /api/v1.0/assets 304 - - 4643.826 ms[39m
[35m[39m
2021-10-04 03:46:29:4629 [35mhttp[39m: [35mGET /api/v1.0/assets 304 - - 4676.724 ms[39m
[35m[39m
2021-10-04 03:50:58:5058 [35mhttp[39m: [35mGET /api/v1.0/assets 304 - - 3886.435 ms[39m
[35m[39m
2021-10-04 03:51:02:512 [35mhttp[39m: [35mGET /api/v1.0/assets 304 - - 2062.069 ms[39m
[35m[39m
2021-10-04 03:51:11:5111 [35mhttp[39m: [35mGET /api/v1.0/assets 304 - - 2128.869 ms[39m
[35m[39m
2021-10-04 03:51:16:5116 [35mhttp[39m: [35mGET /api/v1.0/assets 304 - - 2035.775 ms[39m
[35m[39m
2021-10-04 03:52:37:5237 [35mhttp[39m: [35mGET /api/v1.0/auth/fetchUser/wmoonga@gmail.com 404 46 - 2826.222 ms[39m
[35m[39m
2021-10-04 03:52:49:5249 [35mhttp[39m: [35mGET /api/v1.0/assets 304 - - 2286.300 ms[39m
[35m[39m
2021-10-04 03:53:26:5326 [35mhttp[39m: [35mPOST /api/v1.0/auth/register 200 560 - 2602.540 ms[39m
[35m[39m
2021-10-04 04:04:48:448 [37mdebug[39m: [37mServer running on: http://localhost:9000[39m
2021-10-04 04:06:40:640 [37mdebug[39m: [37mServer running on: http://localhost:9000[39m
2021-10-04 04:06:50:650 [37mdebug[39m: [37mServer running on: http://localhost:9000[39m
2021-10-04 04:07:46:746 [37mdebug[39m: [37mServer running on: http://localhost:9000[39m
2021-10-04 04:08:56:856 [37mdebug[39m: [37mServer running on: http://localhost:9000[39m
2021-10-04 04:09:27:927 [37mdebug[39m: [37mServer running on: http://localhost:9000[39m
2021-10-04 04:09:47:947 [37mdebug[39m: [37mServer running on: http://localhost:9000[39m
2021-10-04 04:09:56:956 [37mdebug[39m: [37mServer running on: http://localhost:9000[39m
2021-10-04 04:10:10:1010 [37mdebug[39m: [37mServer running on: http://localhost:9000[39m
2021-10-04 04:11:22:1122 [37mdebug[39m: [37mServer running on: http://localhost:9000[39m
2021-10-04 04:20:35:2035 [37mdebug[39m: [37mServer running on: http://localhost:9000[39m
2021-10-04 04:22:54:2254 [37mdebug[39m: [37mServer running on: http://localhost:9000[39m
2021-10-04 04:24:15:2415 [37mdebug[39m: [37mServer running on: http://localhost:9000[39m
2021-10-04 04:25:13:2513 [37mdebug[39m: [37mServer running on: http://localhost:9000[39m
2021-10-04 04:25:54:2554 [37mdebug[39m: [37mServer running on: http://localhost:9000[39m
2021-10-04 04:26:22:2622 [37mdebug[39m: [37mServer running on: http://localhost:9000[39m
2021-10-04 04:26:33:2633 [37mdebug[39m: [37mServer running on: http://localhost:9000[39m
2021-10-04 04:27:26:2726 [37mdebug[39m: [37mServer running on: http://localhost:9000[39m
2021-10-04 04:28:19:2819 [37mdebug[39m: [37mServer running on: http://localhost:9000[39m
2021-10-04 04:28:43:2843 [37mdebug[39m: [37mServer running on: http://localhost:9000[39m
2021-10-04 04:29:10:2910 [37mdebug[39m: [37mServer running on: http://localhost:9000[39m
2021-10-04 04:30:29:3029 [37mdebug[39m: [37mServer running on: http://localhost:9000[39m
2021-10-04 04:31:18:3118 [37mdebug[39m: [37mServer running on: http://localhost:9000[39m
2021-10-04 04:31:32:3132 [37mdebug[39m: [37mServer running on: http://localhost:9000[39m
2021-10-04 04:40:12:4012 [37mdebug[39m: [37mServer running on: http://localhost:9000[39m
2021-10-04 04:40:50:4050 [37mdebug[39m: [37mServer running on: http://localhost:9000[39m
2021-10-04 04:42:47:4247 [37mdebug[39m: [37mServer running on: http://localhost:9000[39m
2021-10-04 04:43:13:4313 [37mdebug[39m: [37mServer running on: http://localhost:9000[39m
2021-10-04 04:44:16:4416 [37mdebug[39m: [37mServer running on: http://localhost:9000[39m
2021-10-04 04:45:01:451 [37mdebug[39m: [37mServer running on: http://localhost:9000[39m
2021-10-04 04:45:14:4514 [37mdebug[39m: [37mServer running on: http://localhost:9000[39m
2021-10-04 04:45:51:4551 [37mdebug[39m: [37mServer running on: http://localhost:9000[39m
2021-10-04 04:46:35:4635 [37mdebug[39m: [37mServer running on: http://localhost:9000[39m
2021-10-04 04:47:16:4716 [37mdebug[39m: [37mServer running on: http://localhost:9000[39m
2021-10-04 04:47:27:4727 [37mdebug[39m: [37mServer running on: http://localhost:9000[39m
2021-10-04 04:47:40:4740 [37mdebug[39m: [37mServer running on: http://localhost:9000[39m
2021-10-04 04:48:42:4842 [35mhttp[39m: [35mGET /api/v1.0/auth/fetchUser/wmoonga@gmail.com 404 46 - 2602.448 ms[39m
[35m[39m
2021-10-04 04:48:52:4852 [35mhttp[39m: [35mGET /api/v1.0/assets 304 - - 2205.097 ms[39m
[35m[39m
2021-10-04 04:49:16:4916 [35mhttp[39m: [35mPOST /api/v1.0/auth/register 200 560 - 5670.444 ms[39m
[35m[39m
2021-10-04 04:54:04:544 [37mdebug[39m: [37mServer running on: http://localhost:9000[39m
2021-10-04 04:55:50:5550 [35mhttp[39m: [35mGET /api/v1.0/auth/fetchUser/wmoonga@gmail.com 404 46 - 2362.794 ms[39m
[35m[39m
2021-10-04 04:55:54:5554 [35mhttp[39m: [35mGET /api/v1.0/assets 304 - - 2042.466 ms[39m
[35m[39m
2021-10-04 04:56:20:5620 [35mhttp[39m: [35mPOST /api/v1.0/auth/register 200 558 - 3544.052 ms[39m
[35m[39m
2021-10-04 04:57:02:572 [37mdebug[39m: [37mServer running on: http://localhost:9000[39m
2021-10-04 04:57:14:5714 [37mdebug[39m: [37mServer running on: http://localhost:9000[39m
2021-10-04 04:57:43:5743 [35mhttp[39m: [35mGET /api/v1.0/auth/fetchUser/wmoonga@gmail.com 404 46 - 2725.014 ms[39m
[35m[39m
2021-10-04 04:57:47:5747 [35mhttp[39m: [35mGET /api/v1.0/assets 304 - - 2386.513 ms[39m
[35m[39m
2021-10-04 04:58:11:5811 [35mhttp[39m: [35mPOST /api/v1.0/auth/register 200 560 - 3855.676 ms[39m
[35m[39m
2021-10-05 18:43:36:4336 [37mdebug[39m: [37mServer running on: http://localhost:9000[39m
2021-10-05 18:51:23:5123 [37mdebug[39m: [37mServer running on: http://localhost:9000[39m
2021-10-05 18:52:41:5241 [37mdebug[39m: [37mServer running on: http://localhost:9000[39m
2021-10-05 18:52:45:5245 [35mhttp[39m: [35mGET /api/v1.0/auth/fetchUser/wmoonga@gmail.com 401 - - 16.303 ms[39m
[35m[39m
2021-10-05 18:53:28:5328 [37mdebug[39m: [37mServer running on: http://localhost:9000[39m
2021-10-05 18:53:44:5344 [35mhttp[39m: [35mGET /api/v1.0/auth/fetchUser/wmoonga@gmail.com 401 - - 21.113 ms[39m
[35m[39m
2021-10-05 18:56:23:5623 [37mdebug[39m: [37mServer running on: http://localhost:9000[39m
2021-10-05 18:57:04:574 [37mdebug[39m: [37mServer running on: http://localhost:9000[39m
2021-10-05 18:59:15:5915 [35mhttp[39m: [35mGET /api/v1.0/assets 401 1372 - 17.599 ms[39m
[35m[39m
2021-10-05 19:00:57:057 [37mdebug[39m: [37mServer running on: http://localhost:9000[39m
2021-10-05 19:02:51:251 [37mdebug[39m: [37mServer running on: http://localhost:9000[39m
2021-10-05 19:02:57:257 [35mhttp[39m: [35mGET /api/v1.0/assets 200 43851 - 4464.188 ms[39m
[35m[39m
2021-10-05 19:03:13:313 [35mhttp[39m: [35mGET /api/v1.0/assets 200 43851 - 4042.342 ms[39m
[35m[39m
2021-10-05 19:03:28:328 [37mdebug[39m: [37mServer running on: http://localhost:9000[39m
2021-10-05 19:03:30:330 [35mhttp[39m: [35mGET /api/v1.0/assets 401 1372 - 9.663 ms[39m
[35m[39m
2021-10-05 19:03:33:333 [35mhttp[39m: [35mGET /api/v1.0/assets 401 1372 - 1.296 ms[39m
[35m[39m
2021-10-05 19:05:26:526 [37mdebug[39m: [37mServer running on: http://localhost:9000[39m
2021-10-05 19:05:32:532 [35mhttp[39m: [35mGET /api/v1.0/assets 200 43851 - 4801.335 ms[39m
[35m[39m
2021-10-05 19:05:57:557 [37mdebug[39m: [37mServer running on: http://localhost:9000[39m
2021-10-05 19:06:02:62 [35mhttp[39m: [35mGET /api/v1.0/assets 200 43851 - 4045.679 ms[39m
[35m[39m
2021-10-05 19:06:27:627 [37mdebug[39m: [37mServer running on: http://localhost:9000[39m
2021-10-05 19:06:32:632 [35mhttp[39m: [35mGET /api/v1.0/assets 200 43851 - 3689.920 ms[39m
[35m[39m
2021-10-05 19:08:21:821 [37mdebug[39m: [37mServer running on: http://localhost:9000[39m
2021-10-05 19:08:57:857 [37mdebug[39m: [37mServer running on: http://localhost:9000[39m
2021-10-05 19:09:25:925 [37mdebug[39m: [37mServer running on: http://localhost:9000[39m
2021-10-05 19:09:50:950 [37mdebug[39m: [37mServer running on: http://localhost:9000[39m
2021-10-05 19:10:03:103 [37mdebug[39m: [37mServer running on: http://localhost:9000[39m
2021-10-05 19:10:17:1017 [37mdebug[39m: [37mServer running on: http://localhost:9000[39m
2021-10-05 19:10:37:1037 [37mdebug[39m: [37mServer running on: http://localhost:9000[39m
2021-10-05 19:10:52:1052 [35mhttp[39m: [35mGET /api/v1.0/assets 200 43851 - 4588.504 ms[39m
[35m[39m
2021-10-05 19:11:02:112 [35mhttp[39m: [35mGET /api/v1.0/auth/fetchUser/wmoonga@gmail.com 200 560 - 373.886 ms[39m
[35m[39m
2021-10-05 19:13:43:1343 [37mdebug[39m: [37mServer running on: http://localhost:9000[39m
2021-10-05 19:23:13:2313 [35mhttp[39m: [35mGET /api/v1.0/auth/fetchUser/wmoonga@gmail.com 200 560 - 2906.948 ms[39m
[35m[39m
2021-10-05 19:31:58:3158 [35mhttp[39m: [35mGET /api/v1.0/auth/fetchUser/milimore0000@gmail.com 404 46 - 2124.598 ms[39m
[35m[39m
2021-10-05 19:32:00:320 [35mhttp[39m: [35mGET /api/v1.0/assets 304 - - 2479.058 ms[39m
[35m[39m
2021-10-05 19:32:59:3259 [35mhttp[39m: [35mGET /api/v1.0/auth/fetchUser/milimore0000@gmail.com 404 46 - 2154.965 ms[39m
[35m[39m
2021-10-05 19:33:01:331 [35mhttp[39m: [35mGET /api/v1.0/assets 304 - - 1818.538 ms[39m
[35m[39m
2021-10-05 19:34:31:3431 [35mhttp[39m: [35mGET /api/v1.0/assets 304 - - 4330.535 ms[39m
[35m[39m
2021-10-05 19:34:33:3433 [35mhttp[39m: [35mGET /api/v1.0/assets 304 - - 3961.802 ms[39m
[35m[39m
2021-10-05 19:34:35:3435 [35mhttp[39m: [35mGET /api/v1.0/assets 304 - - 4213.954 ms[39m
[35m[39m
2021-10-05 19:50:36:5036 [35mhttp[39m: [35mGET /api/v1.0/auth/fetchUser/milimore0000@gmail.com 404 46 - 2668.334 ms[39m
[35m[39m
2021-10-05 19:51:06:516 [35mhttp[39m: [35mGET /api/v1.0/auth/fetchUser/milimore0000@gmail.com 404 46 - 2604.939 ms[39m
[35m[39m
2021-10-05 19:52:38:5238 [35mhttp[39m: [35mGET /api/v1.0/auth/fetchUser/milimore0000@gmail.com 404 46 - 2708.952 ms[39m
[35m[39m
2021-10-05 19:54:07:547 [35mhttp[39m: [35mGET /api/v1.0/auth/fetchUser/milimore0000@gmail.com 404 46 - 2632.430 ms[39m
[35m[39m
2021-10-05 19:55:15:5515 [35mhttp[39m: [35mGET /api/v1.0/auth/fetchUser/milimore0000@gmail.com 404 46 - 2479.192 ms[39m
[35m[39m
2021-10-05 19:59:31:5931 [35mhttp[39m: [35mGET /api/v1.0/auth/fetchUser/milimore0000@gmail.com 404 46 - 2725.304 ms[39m
[35m[39m
2021-10-05 19:59:34:5934 [35mhttp[39m: [35mGET /api/v1.0/assets 304 - - 2345.134 ms[39m
[35m[39m
2021-10-05 20:10:56:1056 [37mdebug[39m: [37mServer running on: http://localhost:9000[39m
2021-10-05 20:11:15:1115 [37mdebug[39m: [37mServer running on: http://localhost:9000[39m
2021-10-05 20:11:31:1131 [37mdebug[39m: [37mServer running on: http://localhost:9000[39m
2021-10-05 20:28:58:2858 [37mdebug[39m: [37mServer running on: http://localhost:9000[39m
2021-10-05 20:29:15:2915 [37mdebug[39m: [37mServer running on: http://localhost:9000[39m
2021-10-05 20:29:39:2939 [35mhttp[39m: [35mGET /api/v1.0/auth/fetchUser/wmoonga@gmail.com 500 - - 2766.982 ms[39m
[35m[39m
2021-10-05 20:29:39:2939 [35mhttp[39m: [35mGET /api/v1.0/auth/fetchUser/wmoonga@gmail.com 500 - - 421.878 ms[39m
[35m[39m
2021-10-05 20:29:40:2940 [35mhttp[39m: [35mGET /api/v1.0/auth/fetchUser/wmoonga@gmail.com 500 - - 354.055 ms[39m
[35m[39m
2021-10-05 20:31:00:310 [37mdebug[39m: [37mServer running on: http://localhost:9000[39m
2021-10-05 20:31:38:3138 [37mdebug[39m: [37mServer running on: http://localhost:9000[39m
2021-10-05 20:31:45:3145 [35mhttp[39m: [35mGET /api/v1.0/auth/fetchUser/wmoonga@gmail.com 500 - - 2409.679 ms[39m
[35m[39m
2021-10-05 20:31:45:3145 [35mhttp[39m: [35mGET /api/v1.0/auth/fetchUser/wmoonga@gmail.com 500 - - 343.363 ms[39m
[35m[39m
2021-10-05 20:31:46:3146 [35mhttp[39m: [35mGET /api/v1.0/auth/fetchUser/wmoonga@gmail.com 500 - - 364.703 ms[39m
[35m[39m
2021-10-05 20:32:34:3234 [37mdebug[39m: [37mServer running on: http://localhost:9000[39m
2021-10-05 20:32:41:3241 [35mhttp[39m: [35mGET /api/v1.0/auth/fetchUser/wmoonga@gmail.com 500 - - 2644.191 ms[39m
[35m[39m
2021-10-05 20:32:42:3242 [35mhttp[39m: [35mGET /api/v1.0/auth/fetchUser/wmoonga@gmail.com 500 - - 348.129 ms[39m
[35m[39m
2021-10-05 20:32:42:3242 [35mhttp[39m: [35mGET /api/v1.0/auth/fetchUser/wmoonga@gmail.com 500 - - 388.349 ms[39m
[35m[39m
2021-10-05 20:33:59:3359 [37mdebug[39m: [37mServer running on: http://localhost:9000[39m
2021-10-05 20:34:25:3425 [37mdebug[39m: [37mServer running on: http://localhost:9000[39m
2021-10-05 20:34:31:3431 [35mhttp[39m: [35mGET /api/v1.0/auth/fetchUser/wmoonga@gmail.com 500 - - 2657.467 ms[39m
[35m[39m
2021-10-05 20:34:31:3431 [35mhttp[39m: [35mGET /api/v1.0/auth/fetchUser/wmoonga@gmail.com 500 - - 335.283 ms[39m
[35m[39m
2021-10-05 20:34:31:3431 [35mhttp[39m: [35mGET /api/v1.0/auth/fetchUser/wmoonga@gmail.com 500 - - 378.629 ms[39m
[35m[39m
2021-10-05 20:36:04:364 [37mdebug[39m: [37mServer running on: http://localhost:9000[39m
2021-10-05 20:36:18:3618 [35mhttp[39m: [35mGET /api/v1.0/auth/fetchUser/wmoonga@gmail.com 500 - - 2716.539 ms[39m
[35m[39m
2021-10-05 20:36:19:3619 [35mhttp[39m: [35mGET /api/v1.0/auth/fetchUser/wmoonga@gmail.com 500 - - 339.062 ms[39m
[35m[39m
2021-10-05 20:36:19:3619 [35mhttp[39m: [35mGET /api/v1.0/auth/fetchUser/wmoonga@gmail.com 500 - - 389.067 ms[39m
[35m[39m
2021-10-05 20:38:04:384 [37mdebug[39m: [37mServer running on: http://localhost:9000[39m
2021-10-05 20:40:11:4011 [35mhttp[39m: [35mPOST /api/v1.0/auth/login 404 159 - 31.120 ms[39m
[35m[39m
2021-10-05 20:41:18:4118 [35mhttp[39m: [35mPOST /api/v1.0/auth/fetchUser/wmoonga@gmail.com 404 181 - 1.739 ms[39m
[35m[39m
2021-10-05 20:41:28:4128 [35mhttp[39m: [35mPOST /api/v1.0/auth/fetchUser/wmoonga@gmail.com 404 181 - 0.613 ms[39m
[35m[39m
2021-10-05 20:42:17:4217 [35mhttp[39m: [35mGET /api/v1.0/auth/fetchUser/wmoonga@gmail.com 500 1237 - 2746.360 ms[39m
[35m[39m
2021-10-05 20:42:38:4238 [35mhttp[39m: [35mGET /api/v1.0/auth/fetchUser/wmoonga@gmail.com 500 1237 - 2635.093 ms[39m
[35m[39m
2021-10-05 21:02:01:21 [37mdebug[39m: [37mServer running on: http://localhost:9000[39m
2021-10-05 21:02:55:255 [37mdebug[39m: [37mServer running on: http://localhost:9000[39m
2021-10-05 21:03:57:357 [37mdebug[39m: [37mServer running on: http://localhost:9000[39m
2021-10-05 21:04:02:42 [35mhttp[39m: [35mGET /api/v1.0/auth/fetchUser/wmoonga@gmail.com 500 1237 - 2880.544 ms[39m
[35m[39m
2021-10-05 21:06:50:650 [37mdebug[39m: [37mServer running on: http://localhost:9000[39m
2021-10-05 21:07:05:75 [37mdebug[39m: [37mServer running on: http://localhost:9000[39m
2021-10-05 21:07:10:710 [35mhttp[39m: [35mGET /api/v1.0/assets 200 43851 - 4500.490 ms[39m
[35m[39m
2021-10-05 21:09:11:911 [37mdebug[39m: [37mServer running on: http://localhost:9000[39m
2021-10-05 21:09:16:916 [35mhttp[39m: [35mGET /api/v1.0/assets 200 43851 - 4761.356 ms[39m
[35m[39m
2021-10-05 21:09:48:948 [35mhttp[39m: [35mGET /api/v1.0/auth/fetchUser/wmoonga@gmail.com 500 1237 - 2883.127 ms[39m
[35m[39m
2021-10-05 21:10:06:106 [35mhttp[39m: [35mGET /api/v1.0/auth/fetchUser/wmoonga@gmail.com 500 1237 - 2292.546 ms[39m
[35m[39m
2021-10-05 21:12:00:120 [37mdebug[39m: [37mServer running on: http://localhost:9000[39m
2021-10-05 21:12:43:1243 [35mhttp[39m: [35mGET /api/v1.0/auth/fetchUser/wmoonga@gmail.com 500 1237 - 2888.901 ms[39m
[35m[39m
2021-10-05 21:15:53:1553 [37mdebug[39m: [37mServer running on: http://localhost:9000[39m
2021-10-05 21:16:02:162 [35mhttp[39m: [35mGET /api/v1.0/auth/fetchUser/wmoonga@gmail.com 500 1143 - 2778.663 ms[39m
[35m[39m
2021-10-05 21:18:15:1815 [37mdebug[39m: [37mServer running on: http://localhost:9000[39m
2021-10-05 21:18:56:1856 [37mdebug[39m: [37mServer running on: http://localhost:9000[39m
2021-10-05 21:19:21:1921 [37mdebug[39m: [37mServer running on: http://localhost:9000[39m
2021-10-05 21:20:26:2026 [37mdebug[39m: [37mServer running on: http://localhost:9000[39m
2021-10-05 21:20:54:2054 [37mdebug[39m: [37mServer running on: http://localhost:9000[39m
2021-10-05 21:21:14:2114 [37mdebug[39m: [37mServer running on: http://localhost:9000[39m
2021-10-05 21:21:54:2154 [37mdebug[39m: [37mServer running on: http://localhost:9000[39m
2021-10-05 21:22:04:224 [35mhttp[39m: [35mGET /api/v1.0/assets 200 43851 - 4118.151 ms[39m
[35m[39m
2021-10-05 21:22:13:2213 [35mhttp[39m: [35mGET /api/v1.0/auth/fetchUser/wmoonga@gmail.com 500 1245 - 359.641 ms[39m
[35m[39m
2021-10-05 21:23:55:2355 [37mdebug[39m: [37mServer running on: http://localhost:9000[39m
2021-10-05 21:23:59:2359 [35mhttp[39m: [35mGET /api/v1.0/auth/fetchUser/wmoonga@gmail.com 500 1245 - 2632.408 ms[39m
[35m[39m
2021-10-05 21:24:12:2412 [37mdebug[39m: [37mServer running on: http://localhost:9000[39m
2021-10-05 21:24:57:2457 [37mdebug[39m: [37mServer running on: http://localhost:9000[39m
2021-10-05 21:25:03:253 [35mhttp[39m: [35mGET /api/v1.0/auth/fetchUser/wmoonga@gmail.com 500 1054 - 2600.633 ms[39m
[35m[39m
2021-10-05 21:25:54:2554 [37mdebug[39m: [37mServer running on: http://localhost:9000[39m
2021-10-05 21:26:03:263 [37mdebug[39m: [37mServer running on: http://localhost:9000[39m
2021-10-05 21:26:06:266 [35mhttp[39m: [35mGET /api/v1.0/auth/fetchUser/wmoonga@gmail.com 500 1143 - 2783.158 ms[39m
[35m[39m
2021-10-05 21:29:43:2943 [35mhttp[39m: [35mGET /api/v1.0/auth/fetchUser/wmoonga@gmail.com 500 1143 - 2663.664 ms[39m
[35m[39m
2021-10-05 21:30:19:3019 [37mdebug[39m: [37mServer running on: http://localhost:9000[39m
2021-10-05 21:31:56:3156 [37mdebug[39m: [37mServer running on: http://localhost:9000[39m
2021-10-05 21:32:00:320 [35mhttp[39m: [35mGET /api/v1.0/auth/fetchUser/wmoonga@gmail.com 200 859 - 2248.754 ms[39m
[35m[39m
2021-10-05 21:32:24:3224 [37mdebug[39m: [37mServer running on: http://localhost:9000[39m
2021-10-05 21:32:55:3255 [37mdebug[39m: [37mServer running on: http://localhost:9000[39m
2021-10-05 21:32:59:3259 [35mhttp[39m: [35mGET /api/v1.0/auth/fetchUser/wmoonga@gmail.com 200 859 - 2581.190 ms[39m
[35m[39m
2021-10-05 21:33:20:3320 [37mdebug[39m: [37mServer running on: http://localhost:9000[39m
2021-10-05 21:34:14:3414 [35mhttp[39m: [35mGET /api/v1.0/auth/fetchUser/wmoonga@gmail.com 200 859 - 2666.628 ms[39m
[35m[39m
2021-10-05 21:35:15:3515 [37mdebug[39m: [37mServer running on: http://localhost:9000[39m
2021-10-05 21:36:21:3621 [37mdebug[39m: [37mServer running on: http://localhost:9000[39m
2021-10-05 21:36:35:3635 [35mhttp[39m: [35mGET /api/v1.0/auth/fetchUser/wmoonga@gmail.com 200 859 - 2899.541 ms[39m
[35m[39m
2021-10-05 21:37:28:3728 [37mdebug[39m: [37mServer running on: http://localhost:9000[39m
2021-10-05 21:37:32:3732 [35mhttp[39m: [35mGET /api/v1.0/auth/fetchUser/wmoonga@gmail.com 200 859 - 2765.093 ms[39m
[35m[39m
2021-10-05 21:42:21:4221 [37mdebug[39m: [37mServer running on: http://localhost:9000[39m
2021-10-05 21:42:25:4225 [35mhttp[39m: [35mGET /api/v1.0/auth/fetchUser/wmoonga@gmail.com 200 859 - 2656.860 ms[39m
[35m[39m
2021-10-05 21:43:29:4329 [37mdebug[39m: [37mServer running on: http://localhost:9000[39m
2021-10-05 21:43:34:4334 [35mhttp[39m: [35mGET /api/v1.0/auth/fetchUser/wmoonga@gmail.com 200 859 - 2831.881 ms[39m
[35m[39m
2021-10-05 21:44:13:4413 [37mdebug[39m: [37mServer running on: http://localhost:9000[39m
2021-10-05 21:44:20:4420 [37mdebug[39m: [37mServer running on: http://localhost:9000[39m
2021-10-05 21:44:38:4438 [37mdebug[39m: [37mServer running on: http://localhost:9000[39m
2021-10-05 21:44:42:4442 [35mhttp[39m: [35mGET /api/v1.0/auth/fetchUser/wmoonga@gmail.com 200 859 - 2904.162 ms[39m
[35m[39m
2021-10-05 21:46:29:4629 [37mdebug[39m: [37mServer running on: http://localhost:9000[39m
2021-10-05 21:47:13:4713 [37mdebug[39m: [37mServer running on: http://localhost:9000[39m
2021-10-05 21:47:19:4719 [35mhttp[39m: [35mGET /api/v1.0/auth/fetchUser/wmoonga@gmail.com 200 859 - 2550.838 ms[39m
[35m[39m
2021-10-05 21:47:50:4750 [37mdebug[39m: [37mServer running on: http://localhost:9000[39m
2021-10-05 21:47:56:4756 [35mhttp[39m: [35mGET /api/v1.0/auth/fetchUser/wmoonga@gmail.com 200 859 - 2458.591 ms[39m
[35m[39m
2021-10-05 21:48:15:4815 [37mdebug[39m: [37mServer running on: http://localhost:9000[39m
2021-10-05 21:48:20:4820 [35mhttp[39m: [35mGET /api/v1.0/auth/fetchUser/wmoonga@gmail.com 200 859 - 2764.180 ms[39m
[35m[39m
2021-10-05 21:50:20:5020 [37mdebug[39m: [37mServer running on: http://localhost:9000[39m
2021-10-05 21:50:23:5023 [35mhttp[39m: [35mGET /api/v1.0/auth/fetchUser/wmoonga@gmail.com 200 859 - 2690.751 ms[39m
[35m[39m
2021-10-05 21:50:58:5058 [37mdebug[39m: [37mServer running on: http://localhost:9000[39m
2021-10-05 21:51:02:512 [35mhttp[39m: [35mGET /api/v1.0/auth/fetchUser/wmoonga@gmail.com 200 859 - 4153.129 ms[39m
[35m[39m
2021-10-05 21:53:49:5349 [37mdebug[39m: [37mServer running on: http://localhost:9000[39m
2021-10-05 21:54:16:5416 [37mdebug[39m: [37mServer running on: http://localhost:9000[39m
2021-10-05 21:54:19:5419 [35mhttp[39m: [35mGET /api/v1.0/auth/fetchUser/wmoonga@gmail.com 200 859 - 2847.529 ms[39m
[35m[39m
2021-10-05 21:55:09:559 [37mdebug[39m: [37mServer running on: http://localhost:9000[39m
2021-10-05 21:55:59:5559 [35mhttp[39m: [35mGET /api/v1.0/auth/fetchUser/wmoonga@gmail.com 200 859 - 48176.346 ms[39m
[35m[39m
2021-10-05 21:55:59:5559 [35mhttp[39m: [35mGET /api/v1.0/auth/fetchUser/wmoonga@gmail.com - - - - ms[39m
[35m[39m
2021-10-05 21:59:57:5957 [37mdebug[39m: [37mServer running on: http://localhost:9000[39m
2021-10-05 22:01:06:16 [37mdebug[39m: [37mServer running on: http://localhost:9000[39m
2021-10-05 22:01:10:110 [35mhttp[39m: [35mGET /api/v1.0/auth/fetchUser/wmoonga@gmail.com 200 688 - 2294.104 ms[39m
[35m[39m
2021-10-05 22:01:57:157 [37mdebug[39m: [37mServer running on: http://localhost:9000[39m
2021-10-05 22:02:29:229 [37mdebug[39m: [37mServer running on: http://localhost:9000[39m
2021-10-05 22:02:51:251 [37mdebug[39m: [37mServer running on: http://localhost:9000[39m
2021-10-05 22:02:58:258 [37mdebug[39m: [37mServer running on: http://localhost:9000[39m
2021-10-05 22:03:28:328 [37mdebug[39m: [37mServer running on: http://localhost:9000[39m
2021-10-05 22:03:43:343 [37mdebug[39m: [37mServer running on: http://localhost:9000[39m
2021-10-05 22:03:56:356 [37mdebug[39m: [37mServer running on: http://localhost:9000[39m
2021-10-05 22:04:20:420 [37mdebug[39m: [37mServer running on: http://localhost:9000[39m
2021-10-05 22:04:36:436 [37mdebug[39m: [37mServer running on: http://localhost:9000[39m
2021-10-05 22:04:52:452 [37mdebug[39m: [37mServer running on: http://localhost:9000[39m
2021-10-05 22:05:16:516 [37mdebug[39m: [37mServer running on: http://localhost:9000[39m
2021-10-05 22:06:48:648 [37mdebug[39m: [37mServer running on: http://localhost:9000[39m
2021-10-05 22:28:23:2823 [37mdebug[39m: [37mServer running on: http://localhost:9000[39m
2021-10-05 22:29:00:290 [37mdebug[39m: [37mServer running on: http://localhost:9000[39m
2021-10-05 22:29:47:2947 [37mdebug[39m: [37mServer running on: http://localhost:9000[39m
2021-10-05 22:30:20:3020 [37mdebug[39m: [37mServer running on: http://localhost:9000[39m
2021-10-05 22:31:15:3115 [37mdebug[39m: [37mServer running on: http://localhost:9000[39m
2021-10-05 22:31:45:3145 [37mdebug[39m: [37mServer running on: http://localhost:9000[39m
2021-10-05 22:44:08:448 [37mdebug[39m: [37mServer running on: http://localhost:9000[39m
2021-10-05 22:45:16:4516 [35mhttp[39m: [35mGET /api/v1.0/auth/fetchUser/wmoonga@gmail.com 200 688 - 2325.437 ms[39m
[35m[39m
2021-10-05 22:53:12:5312 [35mhttp[39m: [35mPOST /api/v1.0/refreshToken 401 - - 16.143 ms[39m
[35m[39m
2021-10-05 22:53:27:5327 [35mhttp[39m: [35mPOST /api/v1.0/auth/refreshToken 404 560 - 59.399 ms[39m
[35m[39m
2021-10-05 22:54:29:5429 [37mdebug[39m: [37mServer running on: http://localhost:9000[39m
2021-10-05 22:54:32:5432 [35mhttp[39m: [35mPOST /api/v1.0/auth/refreshToken 404 560 - 73.097 ms[39m
[35m[39m
2021-10-05 22:54:50:5450 [35mhttp[39m: [35mPOST /api/v1.0/auth/refreshToken 404 560 - 24.389 ms[39m
[35m[39m
2021-10-05 22:55:00:550 [35mhttp[39m: [35mPOST /api/v1.0/auth/refreshToken 404 560 - 19.649 ms[39m
[35m[39m
2021-10-05 22:55:41:5541 [37mdebug[39m: [37mServer running on: http://localhost:9000[39m
2021-10-05 22:56:11:5611 [37mdebug[39m: [37mServer running on: http://localhost:9000[39m
2021-10-05 22:56:33:5633 [35mhttp[39m: [35mPOST /api/v1.0/auth/refreshToken 500 66 - 2372.631 ms[39m
[35m[39m
2021-10-05 22:58:56:5856 [37mdebug[39m: [37mServer running on: http://localhost:9000[39m
2021-10-05 22:58:59:5859 [35mhttp[39m: [35mPOST /api/v1.0/auth/refreshToken 500 66 - 2360.076 ms[39m
[35m[39m
2021-10-05 22:59:44:5944 [37mdebug[39m: [37mServer running on: http://localhost:9000[39m
2021-10-05 22:59:49:5949 [35mhttp[39m: [35mPOST /api/v1.0/auth/refreshToken 404 46 - 2571.916 ms[39m
[35m[39m
2021-10-05 23:01:24:124 [37mdebug[39m: [37mServer running on: http://localhost:9000[39m
2021-10-05 23:01:26:126 [35mhttp[39m: [35mPOST /api/v1.0/auth/refreshToken 404 46 - 2288.392 ms[39m
[35m[39m
2021-10-05 23:01:48:148 [37mdebug[39m: [37mServer running on: http://localhost:9000[39m
2021-10-05 23:01:51:151 [35mhttp[39m: [35mPOST /api/v1.0/auth/refreshToken 404 46 - 2822.130 ms[39m
[35m[39m
2021-10-05 23:02:25:225 [37mdebug[39m: [37mServer running on: http://localhost:9000[39m
2021-10-05 23:02:39:239 [35mhttp[39m: [35mPOST /api/v1.0/auth/refreshToken 404 46 - 2671.210 ms[39m
[35m[39m
2021-10-05 23:03:08:38 [37mdebug[39m: [37mServer running on: http://localhost:9000[39m
2021-10-05 23:03:11:311 [35mhttp[39m: [35mPOST /api/v1.0/auth/refreshToken 404 46 - 2482.789 ms[39m
[35m[39m
2021-10-05 23:04:32:432 [37mdebug[39m: [37mServer running on: http://localhost:9000[39m
2021-10-05 23:04:37:437 [35mhttp[39m: [35mPOST /api/v1.0/auth/refreshToken 500 56 - 2762.135 ms[39m
[35m[39m
2021-10-05 23:06:29:629 [37mdebug[39m: [37mServer running on: http://localhost:9000[39m
2021-10-05 23:06:49:649 [35mhttp[39m: [35mPOST /api/v1.0/auth/refreshToken 404 46 - 2706.314 ms[39m
[35m[39m
2021-10-05 23:07:51:751 [37mdebug[39m: [37mServer running on: http://localhost:9000[39m
2021-10-05 23:07:58:758 [35mhttp[39m: [35mPOST /api/v1.0/auth/refreshToken 401 48 - 9.999 ms[39m
[35m[39m
2021-10-05 23:08:09:89 [35mhttp[39m: [35mPOST /api/v1.0/auth/refreshToken 401 41 - 4.389 ms[39m
[35m[39m
2021-10-05 23:08:17:817 [35mhttp[39m: [35mPOST /api/v1.0/auth/refreshToken 200 688 - 2869.000 ms[39m
[35m[39m
2021-10-05 23:08:30:830 [35mhttp[39m: [35mPOST /api/v1.0/auth/refreshToken 401 41 - 0.786 ms[39m
[35m[39m
2021-10-05 23:09:04:94 [35mhttp[39m: [35mPOST /api/v1.0/auth/refreshToken 200 688 - 3618.432 ms[39m
[35m[39m
2021-10-05 23:09:17:917 [35mhttp[39m: [35mPOST /api/v1.0/auth/refreshToken 200 688 - 3007.440 ms[39m
[35m[39m
2021-10-06 00:42:16:4216 [37mdebug[39m: [37mServer running on: http://localhost:9000[39m
2021-10-06 00:42:22:4222 [35mhttp[39m: [35mPOST /api/v1.0/auth/refreshToken 401 48 - 33.461 ms[39m
[35m[39m
2021-10-06 00:43:01:431 [35mhttp[39m: [35mPOST /api/v1.0/auth/refreshToken 401 48 - 4.720 ms[39m
[35m[39m
2021-10-06 00:43:49:4349 [35mhttp[39m: [35mPOST /api/v1.0/auth/refreshToken 401 48 - 1.410 ms[39m
[35m[39m
2021-10-06 00:43:53:4353 [35mhttp[39m: [35mPOST /api/v1.0/auth/refreshToken 401 48 - 29.599 ms[39m
[35m[39m
2021-10-06 00:43:55:4355 [35mhttp[39m: [35mPOST /api/v1.0/auth/refreshToken 401 48 - 3.632 ms[39m
[35m[39m
2021-10-06 00:43:57:4357 [35mhttp[39m: [35mPOST /api/v1.0/auth/refreshToken 401 48 - 2.463 ms[39m
[35m[39m
2021-10-06 00:44:01:441 [35mhttp[39m: [35mPOST /api/v1.0/auth/refreshToken 401 48 - 1.519 ms[39m
[35m[39m
2021-10-06 00:44:05:445 [35mhttp[39m: [35mPOST /api/v1.0/auth/refreshToken 401 48 - 1.503 ms[39m
[35m[39m
2021-10-06 00:44:07:447 [35mhttp[39m: [35mPOST /api/v1.0/auth/refreshToken 401 48 - 11.333 ms[39m
[35m[39m
2021-10-06 00:44:18:4418 [35mhttp[39m: [35mPOST /api/v1.0/auth/refreshToken 401 48 - 2.619 ms[39m
[35m[39m
2021-10-06 00:44:20:4420 [35mhttp[39m: [35mPOST /api/v1.0/auth/refreshToken 401 48 - 4.925 ms[39m
[35m[39m
2021-10-06 00:44:24:4424 [35mhttp[39m: [35mPOST /api/v1.0/auth/refreshToken 401 48 - 1.851 ms[39m
[35m[39m
2021-10-06 00:45:20:4520 [35mhttp[39m: [35mPOST /api/v1.0/auth/refreshToken 401 48 - 1.621 ms[39m
[35m[39m
2021-10-06 00:45:23:4523 [35mhttp[39m: [35mPOST /api/v1.0/auth/refreshToken 401 48 - 2.175 ms[39m
[35m[39m
2021-10-06 00:45:24:4524 [35mhttp[39m: [35mPOST /api/v1.0/auth/refreshToken 401 48 - 2.241 ms[39m
[35m[39m
2021-10-06 00:45:26:4526 [35mhttp[39m: [35mPOST /api/v1.0/auth/refreshToken 401 48 - 1.732 ms[39m
[35m[39m
2021-10-06 00:45:33:4533 [35mhttp[39m: [35mPOST /api/v1.0/auth/refreshToken 401 48 - 2.772 ms[39m
[35m[39m
2021-10-06 00:45:37:4537 [35mhttp[39m: [35mPOST /api/v1.0/auth/refreshToken 401 48 - 14.304 ms[39m
[35m[39m
2021-10-06 00:45:42:4542 [35mhttp[39m: [35mPOST /api/v1.0/auth/refreshToken 401 48 - 1.665 ms[39m
[35m[39m
2021-10-06 00:45:47:4547 [35mhttp[39m: [35mPOST /api/v1.0/auth/refreshToken 401 48 - 6.375 ms[39m
[35m[39m
2021-10-06 00:45:55:4555 [35mhttp[39m: [35mPOST /api/v1.0/auth/refreshToken 401 48 - 5.591 ms[39m
[35m[39m
2021-10-06 00:45:58:4558 [35mhttp[39m: [35mPOST /api/v1.0/auth/refreshToken 401 48 - 2.171 ms[39m
[35m[39m
2021-10-06 00:46:00:460 [35mhttp[39m: [35mPOST /api/v1.0/auth/refreshToken 401 48 - 6.693 ms[39m
[35m[39m
2021-10-06 00:46:15:4615 [35mhttp[39m: [35mPOST /api/v1.0/auth/refreshToken 401 48 - 5.641 ms[39m
[35m[39m
2021-10-06 00:46:20:4620 [35mhttp[39m: [35mPOST /api/v1.0/auth/refreshToken 401 48 - 2.368 ms[39m
[35m[39m
2021-10-06 00:46:27:4627 [35mhttp[39m: [35mPOST /api/v1.0/auth/refreshToken 401 48 - 1.077 ms[39m
[35m[39m
2021-10-06 00:46:46:4646 [35mhttp[39m: [35mPOST /api/v1.0/auth/refreshToken 401 48 - 1.525 ms[39m
[35m[39m
2021-10-06 00:46:49:4649 [35mhttp[39m: [35mPOST /api/v1.0/auth/refreshToken 401 48 - 0.921 ms[39m
[35m[39m
2021-10-06 00:47:28:4728 [35mhttp[39m: [35mPOST /api/v1.0/auth/refreshToken 401 48 - 2.037 ms[39m
[35m[39m
2021-10-06 00:50:57:5057 [35mhttp[39m: [35mPOST /api/v1.0/auth/refreshToken 401 48 - 12.899 ms[39m
[35m[39m
2021-10-06 00:51:10:5110 [35mhttp[39m: [35mPOST /api/v1.0/auth/refreshToken 401 48 - 3.049 ms[39m
[35m[39m
2021-10-06 00:51:51:5151 [35mhttp[39m: [35mPOST /api/v1.0/auth/refreshToken 401 48 - 3.173 ms[39m
[35m[39m
2021-10-06 00:51:58:5158 [35mhttp[39m: [35mPOST /api/v1.0/auth/refreshToken 401 48 - 1.146 ms[39m
[35m[39m
2021-10-06 00:52:00:520 [35mhttp[39m: [35mPOST /api/v1.0/auth/refreshToken 401 48 - 2.408 ms[39m
[35m[39m
2021-10-06 00:52:05:525 [35mhttp[39m: [35mPOST /api/v1.0/auth/refreshToken 401 48 - 1.444 ms[39m
[35m[39m
2021-10-06 00:59:19:5919 [35mhttp[39m: [35mPOST /api/v1.0/auth/refreshToken 401 48 - 6.671 ms[39m
[35m[39m
2021-10-06 01:00:01:01 [35mhttp[39m: [35mGET /api/v1.0/auth/fetchUser/wmoonga@gmail.com 200 688 - 2905.027 ms[39m
[35m[39m
2021-10-06 01:00:18:018 [35mhttp[39m: [35mPOST /api/v1.0/auth/refreshToken 200 688 - 2710.547 ms[39m
[35m[39m
2021-10-06 01:09:14:914 [37mdebug[39m: [37mServer running on: http://localhost:9000[39m
2021-10-06 01:09:28:928 [37mdebug[39m: [37mServer running on: http://localhost:9000[39m
2021-10-06 01:11:07:117 [35mhttp[39m: [35mGET /api/v1.0/resources/home 401 1372 - 25.053 ms[39m
[35m[39m
2021-10-06 01:12:25:1225 [35mhttp[39m: [35mGET /api/v1.0/resources/home 500 1334 - 24.539 ms[39m
[35m[39m
2021-10-06 01:13:42:1342 [37mdebug[39m: [37mServer running on: http://localhost:9000[39m
2021-10-06 01:13:45:1345 [35mhttp[39m: [35mGET /api/v1.0/resources/home 500 1334 - 42.785 ms[39m
[35m[39m
2021-10-06 01:13:52:1352 [35mhttp[39m: [35mGET /api/v1.0/resources/home 500 1334 - 2.678 ms[39m
[35m[39m
2021-10-06 01:14:00:140 [35mhttp[39m: [35mGET /api/v1.0/resources/home 500 1334 - 1.802 ms[39m
[35m[39m
2021-10-06 01:18:41:1841 [37mdebug[39m: [37mServer running on: http://localhost:9000[39m
2021-10-06 01:18:59:1859 [37mdebug[39m: [37mServer running on: http://localhost:9000[39m
2021-10-06 01:19:03:193 [35mhttp[39m: [35mGET /api/v1.0/resources/home 500 1334 - 41.400 ms[39m
[35m[39m
2021-10-06 01:19:59:1959 [37mdebug[39m: [37mServer running on: http://localhost:9000[39m
2021-10-06 01:21:52:2152 [37mdebug[39m: [37mServer running on: http://localhost:9000[39m
2021-10-06 01:22:13:2213 [37mdebug[39m: [37mServer running on: http://localhost:9000[39m
2021-10-06 01:31:58:3158 [37mdebug[39m: [37mServer running on: http://localhost:9000[39m
2021-10-06 01:32:02:322 [35mhttp[39m: [35mGET /api/v1.0/resources/home 500 1334 - 36.375 ms[39m
[35m[39m
2021-10-06 01:36:57:3657 [37mdebug[39m: [37mServer running on: http://localhost:9000[39m
2021-10-06 01:36:58:3658 [35mhttp[39m: [35mGET /api/v1.0/resources/home 500 1334 - 40.048 ms[39m
[35m[39m
2021-10-06 01:38:32:3832 [37mdebug[39m: [37mServer running on: http://localhost:9000[39m
2021-10-06 01:38:42:3842 [37mdebug[39m: [37mServer running on: http://localhost:9000[39m
2021-10-06 01:38:44:3844 [35mhttp[39m: [35mGET /api/v1.0/resources/home 500 1334 - 49.126 ms[39m
[35m[39m
2021-10-06 01:39:08:398 [37mdebug[39m: [37mServer running on: http://localhost:9000[39m
2021-10-06 01:41:32:4132 [37mdebug[39m: [37mServer running on: http://localhost:9000[39m
2021-10-06 01:42:03:423 [37mdebug[39m: [37mServer running on: http://localhost:9000[39m
2021-10-06 01:42:03:423 [35mhttp[39m: [35mGET /api/v1.0/resources/home 401 1347 - 21.493 ms[39m
[35m[39m
2021-10-06 01:42:14:4214 [35mhttp[39m: [35mGET /api/v1.0/resources/home 401 1347 - 2.954 ms[39m
[35m[39m
2021-10-06 01:42:21:4221 [35mhttp[39m: [35mGET /api/v1.0/resources/home 401 1347 - 1.886 ms[39m
[35m[39m
2021-10-06 01:42:37:4237 [37mdebug[39m: [37mServer running on: http://localhost:9000[39m
2021-10-06 01:42:38:4238 [35mhttp[39m: [35mGET /api/v1.0/resources/home 401 1347 - 21.698 ms[39m
[35m[39m
2021-10-06 01:43:03:433 [37mdebug[39m: [37mServer running on: http://localhost:9000[39m
2021-10-06 01:43:04:434 [35mhttp[39m: [35mGET /api/v1.0/resources/home 500 1334 - 43.408 ms[39m
[35m[39m
2021-10-06 01:43:21:4321 [37mdebug[39m: [37mServer running on: http://localhost:9000[39m
2021-10-06 01:43:22:4322 [35mhttp[39m: [35mGET /api/v1.0/resources/home 401 1347 - 19.567 ms[39m
[35m[39m
2021-10-06 01:46:43:4643 [37mdebug[39m: [37mServer running on: http://localhost:9000[39m
2021-10-06 01:48:38:4838 [37mdebug[39m: [37mServer running on: http://localhost:9000[39m
2021-10-06 01:48:41:4841 [35mhttp[39m: [35mGET /api/v1.0/resources/home 401 1347 - 20.026 ms[39m
[35m[39m
2021-10-06 01:48:54:4854 [35mhttp[39m: [35mGET /api/v1.0/resources/home 401 1347 - 2.836 ms[39m
[35m[39m
2021-10-06 01:50:15:5015 [37mdebug[39m: [37mServer running on: http://localhost:9000[39m
2021-10-06 01:51:29:5129 [37mdebug[39m: [37mServer running on: http://localhost:9000[39m
2021-10-06 01:51:32:5132 [35mhttp[39m: [35mGET /api/v1.0/resources/home 500 1334 - 2339.649 ms[39m
[35m[39m
2021-10-06 01:52:51:5251 [37mdebug[39m: [37mServer running on: http://localhost:9000[39m
2021-10-06 01:52:55:5255 [35mhttp[39m: [35mGET /api/v1.0/resources/home 401 1347 - 21.306 ms[39m
[35m[39m
2021-10-06 01:53:08:538 [35mhttp[39m: [35mGET /api/v1.0/resources/home 401 1347 - 2.861 ms[39m
[35m[39m
2021-10-06 01:53:54:5354 [35mhttp[39m: [35mPOST /api/v1.0//login 401 - - 7.189 ms[39m
[35m[39m
2021-10-06 01:54:38:5438 [37mdebug[39m: [37mServer running on: http://localhost:9000[39m
2021-10-06 01:54:57:5457 [37mdebug[39m: [37mServer running on: http://localhost:9000[39m
2021-10-06 01:55:39:5539 [37mdebug[39m: [37mServer running on: http://localhost:9000[39m
2021-10-06 01:55:57:5557 [37mdebug[39m: [37mServer running on: http://localhost:9000[39m
2021-10-06 01:56:24:5624 [37mdebug[39m: [37mServer running on: http://localhost:9000[39m
2021-10-06 01:56:52:5652 [37mdebug[39m: [37mServer running on: http://localhost:9000[39m
2021-10-06 01:56:55:5655 [35mhttp[39m: [35mPOST /api/v1.0//login 404 155 - 6.156 ms[39m
[35m[39m
2021-10-06 01:56:57:5657 [35mhttp[39m: [35mPOST /api/v1.0//login 404 155 - 1.451 ms[39m
[35m[39m
2021-10-06 01:57:05:575 [35mhttp[39m: [35mPOST /api/v1.0//auht/login 404 160 - 0.704 ms[39m
[35m[39m
2021-10-06 01:57:14:5714 [35mhttp[39m: [35mPOST /api/v1.0//auth/login 404 160 - 1.216 ms[39m
[35m[39m
2021-10-06 01:57:25:5725 [35mhttp[39m: [35mGET /api/v1.0/resources/home 500 1334 - 38.191 ms[39m
[35m[39m
2021-10-06 01:57:32:5732 [35mhttp[39m: [35mGET /api/v1.0/resources/home 500 1334 - 2.395 ms[39m
[35m[39m
2021-10-06 01:59:35:5935 [37mdebug[39m: [37mServer running on: http://localhost:9000[39m
2021-10-06 01:59:38:5938 [35mhttp[39m: [35mGET /api/v1.0/resources/home 500 1334 - 48.426 ms[39m
[35m[39m
2021-10-06 01:59:56:5956 [37mdebug[39m: [37mServer running on: http://localhost:9000[39m
2021-10-06 02:00:50:050 [37mdebug[39m: [37mServer running on: http://localhost:9000[39m
2021-10-06 02:01:14:114 [37mdebug[39m: [37mServer running on: http://localhost:9000[39m
2021-10-06 02:01:24:124 [35mhttp[39m: [35mGET /api/v1.0/resources/home 500 28 - 11.484 ms[39m
[35m[39m
2021-10-06 02:01:43:143 [37mdebug[39m: [37mServer running on: http://localhost:9000[39m
2021-10-06 02:01:43:143 [35mhttp[39m: [35mGET /api/v1.0/resources/home 500 74 - 12.532 ms[39m
[35m[39m
2021-10-06 02:04:59:459 [37mdebug[39m: [37mServer running on: http://localhost:9000[39m
2021-10-06 02:05:47:547 [37mdebug[39m: [37mServer running on: http://localhost:9000[39m
2021-10-06 02:05:55:555 [37mdebug[39m: [37mServer running on: http://localhost:9000[39m
2021-10-06 02:10:22:1022 [37mdebug[39m: [37mServer running on: http://localhost:9000[39m
2021-10-06 02:10:28:1028 [35mhttp[39m: [35mGET /api/v1.0/resources/home 500 79 - 2627.706 ms[39m
[35m[39m
2021-10-06 02:11:08:118 [37mdebug[39m: [37mServer running on: http://localhost:9000[39m
2021-10-06 02:11:12:1112 [35mhttp[39m: [35mGET /api/v1.0/resources/home 500 79 - 2695.805 ms[39m
[35m[39m
2021-10-06 04:24:48:2448 [37mdebug[39m: [37mServer running on: http://localhost:9000[39m
2021-10-06 04:28:30:2830 [37mdebug[39m: [37mServer running on: http://localhost:9000[39m
2021-10-06 04:28:47:2847 [37mdebug[39m: [37mServer running on: http://localhost:9000[39m
2021-10-06 04:29:38:2938 [37mdebug[39m: [37mServer running on: http://localhost:9000[39m
2021-10-06 04:29:59:2959 [35mhttp[39m: [35mGET /api/v1.0/resources/home 401 40 - 24.321 ms[39m
[35m[39m
2021-10-06 04:30:12:3012 [35mhttp[39m: [35mGET /api/v1.0/resources/home 401 40 - 4.557 ms[39m
[35m[39m
2021-10-06 04:32:48:3248 [35mhttp[39m: [35mGET /api/v1.0/resources/home 401 40 - 4.053 ms[39m
[35m[39m
2021-10-06 04:33:58:3358 [35mhttp[39m: [35mGET /api/v1.0/resources/home 401 40 - 3.190 ms[39m
[35m[39m
2021-10-06 04:34:07:347 [35mhttp[39m: [35mGET /api/v1.0/resources/home 500 79 - 2254.925 ms[39m
[35m[39m
2021-10-06 04:34:49:3449 [37mdebug[39m: [37mServer running on: http://localhost:9000[39m
2021-10-06 04:34:54:3454 [35mhttp[39m: [35mGET /api/v1.0/resources/home 401 40 - 2420.044 ms[39m
[35m[39m
2021-10-06 04:42:53:4253 [35mhttp[39m: [35mGET /api/v1.0/resources/home 401 40 - 2180.211 ms[39m
[35m[39m
2021-10-06 04:44:36:4436 [35mhttp[39m: [35mGET /api/v1.0/resources/home 500 79 - 2423.865 ms[39m
[35m[39m
2021-10-06 04:45:10:4510 [35mhttp[39m: [35mGET /api/v1.0/resources/home 500 79 - 2208.011 ms[39m
[35m[39m
2021-10-06 04:49:13:4913 [37mdebug[39m: [37mServer running on: http://localhost:9000[39m
2021-10-06 04:49:29:4929 [37mdebug[39m: [37mServer running on: http://localhost:9000[39m
2021-10-06 04:51:01:511 [37mdebug[39m: [37mServer running on: http://localhost:9000[39m
2021-10-06 04:51:12:5112 [35mhttp[39m: [35mGET /api/v1.0/resources/home 500 79 - 2447.838 ms[39m
[35m[39m
2021-10-06 04:52:13:5213 [37mdebug[39m: [37mServer running on: http://localhost:9000[39m
2021-10-06 04:52:16:5216 [35mhttp[39m: [35mGET /api/v1.0/resources/home 500 79 - 2193.048 ms[39m
[35m[39m
2021-10-06 04:55:44:5544 [37mdebug[39m: [37mServer running on: http://localhost:9000[39m
2021-10-06 04:55:53:5553 [35mhttp[39m: [35mGET /api/v1.0/resources/home 500 79 - 2532.811 ms[39m
[35m[39m
2021-10-06 04:57:55:5755 [37mdebug[39m: [37mServer running on: http://localhost:9000[39m
2021-10-06 04:57:58:5758 [35mhttp[39m: [35mGET /api/v1.0/resources/home 500 79 - 2428.407 ms[39m
[35m[39m
2021-10-06 04:59:03:593 [35mhttp[39m: [35mGET /api/v1.0/auth/fetchUser/wmoonga@gmail.com 200 821 - 2782.187 ms[39m
[35m[39m
2021-10-06 05:00:11:011 [35mhttp[39m: [35mGET /api/v1.0/assets 200 43851 - 4900.661 ms[39m
[35m[39m
2021-10-06 05:00:46:046 [35mhttp[39m: [35mGET /api/v1.0/resources/home 500 79 - 2285.389 ms[39m
[35m[39m
2021-10-06 05:01:14:114 [37mdebug[39m: [37mServer running on: http://localhost:9000[39m
2021-10-06 05:01:49:149 [37mdebug[39m: [37mServer running on: http://localhost:9000[39m
2021-10-06 05:01:53:153 [35mhttp[39m: [35mGET /api/v1.0/resources/home 500 74 - 3164.755 ms[39m
[35m[39m
2021-10-06 05:02:56:256 [35mhttp[39m: [35mGET /api/v1.0/resources/home 200 1328 - 3267.753 ms[39m
[35m[39m
2021-10-06 05:11:44:1144 [37mdebug[39m: [37mServer running on: http://localhost:9000[39m
2021-10-06 05:11:58:1158 [37mdebug[39m: [37mServer running on: http://localhost:9000[39m
2021-10-06 05:12:10:1210 [35mhttp[39m: [35mGET /api/v1.0/resources/home 200 1370 - 2934.913 ms[39m
[35m[39m
2021-10-06 05:30:21:3021 [37mdebug[39m: [37mServer running on: http://localhost:9000[39m
2021-10-06 05:31:36:3136 [37mdebug[39m: [37mServer running on: http://localhost:9000[39m
2021-10-06 05:33:23:3323 [37mdebug[39m: [37mServer running on: http://localhost:9000[39m
2021-10-06 05:33:35:3335 [37mdebug[39m: [37mServer running on: http://localhost:9000[39m
